<?xml version="1.0" encoding="utf-8"?><testsuites><testsuite errors="0" failures="0" hostname="948050858eab" name="pytest" skipped="3" tests="2032" time="456.566" timestamp="2022-11-18T01:51:40.999571"><testcase classname="tests.aaa_test.TestAaa" file="tests/aaa_test.py" line="115" name="test_show_aaa_default" time="0.141"></testcase><testcase classname="tests.aaa_test.TestAaa" file="tests/aaa_test.py" line="123" name="test_config_aaa_radius" time="0.100"></testcase><testcase classname="tests.aaa_test.TestAaa" file="tests/aaa_test.py" line="155" name="test_config_aaa_radius_local" time="0.099"></testcase><testcase classname="tests.aaa_test.TestAaa" file="tests/aaa_test.py" line="187" name="test_config_aaa_radius_invalid" time="0.001"></testcase><testcase classname="tests.aaa_test.TestAaa" file="tests/aaa_test.py" line="196" name="test_config_aaa_tacacs" time="0.156"></testcase><testcase classname="tests.aaa_test.TestAaa" file="tests/aaa_test.py" line="286" name="test_config_aaa_tacacs_delete_yang_validation" time="0.085"></testcase><testcase classname="tests.aaa_test.TestAaa" file="tests/aaa_test.py" line="298" name="test_config_aaa_tacacs_add_yang_validation" time="0.082"></testcase><testcase classname="tests.acl_config_test.TestConfigAcl" file="tests/acl_config_test.py" line="9" name="test_expand_vlan" time="0.016"></testcase><testcase classname="tests.acl_config_test.TestConfigAcl" file="tests/acl_config_test.py" line="12" name="test_expand_lag" time="0.015"></testcase><testcase classname="tests.acl_config_test.TestConfigAcl" file="tests/acl_config_test.py" line="15" name="test_expand_physical_interface" time="0.015"></testcase><testcase classname="tests.acl_config_test.TestConfigAcl" file="tests/acl_config_test.py" line="18" name="test_expand_empty_vlan" time="0.015"></testcase><testcase classname="tests.acl_config_test.TestConfigAcl" file="tests/acl_config_test.py" line="22" name="test_parse_table_with_vlan_expansion" time="0.031"></testcase><testcase classname="tests.acl_config_test.TestConfigAcl" file="tests/acl_config_test.py" line="29" name="test_parse_table_with_vlan_and_duplicates" time="0.044"></testcase><testcase classname="tests.acl_config_test.TestConfigAcl" file="tests/acl_config_test.py" line="40" name="test_parse_table_with_empty_vlan" time="0.044"></testcase><testcase classname="tests.acl_config_test.TestConfigAcl" file="tests/acl_config_test.py" line="44" name="test_parse_table_with_invalid_ports" time="0.030"></testcase><testcase classname="tests.acl_config_test.TestConfigAcl" file="tests/acl_config_test.py" line="48" name="test_parse_table_with_empty_ports" time="0.001"></testcase><testcase classname="tests.acl_config_test.TestConfigAcl" file="tests/acl_config_test.py" line="52" name="test_acl_add_table_nonexistent_port" time="0.046"></testcase><testcase classname="tests.acl_config_test.TestConfigAcl" file="tests/acl_config_test.py" line="62" name="test_acl_add_table_empty_string_port_list" time="0.015"></testcase><testcase classname="tests.acl_config_test.TestConfigAcl" file="tests/acl_config_test.py" line="72" name="test_acl_add_table_empty_vlan" time="0.045"></testcase><testcase classname="tests.acl_loader_test.TestAclLoader" file="tests/acl_loader_test.py" line="17" name="test_acl_empty" time="0.006"></testcase><testcase classname="tests.acl_loader_test.TestAclLoader" file="tests/acl_loader_test.py" line="21" name="test_valid" time="0.642"></testcase><testcase classname="tests.acl_loader_test.TestAclLoader" file="tests/acl_loader_test.py" line="25" name="test_invalid" time="0.347"></testcase><testcase classname="tests.acl_loader_test.TestAclLoader" file="tests/acl_loader_test.py" line="29" name="test_validate_mirror_action" time="0.024"></testcase><testcase classname="tests.acl_loader_test.TestAclLoader" file="tests/acl_loader_test.py" line="57" name="test_vlan_id_translation" time="0.558"></testcase><testcase classname="tests.acl_loader_test.TestAclLoader" file="tests/acl_loader_test.py" line="71" name="test_vlan_id_lower_bound" time="0.159"></testcase><testcase classname="tests.acl_loader_test.TestAclLoader" file="tests/acl_loader_test.py" line="76" name="test_vlan_id_upper_bound" time="0.043"></testcase><testcase classname="tests.acl_loader_test.TestAclLoader" file="tests/acl_loader_test.py" line="81" name="test_vlan_id_not_a_number" time="0.042"></testcase><testcase classname="tests.acl_loader_test.TestAclLoader" file="tests/acl_loader_test.py" line="86" name="test_ethertype_translation" time="0.700"></testcase><testcase classname="tests.acl_loader_test.TestAclLoader" file="tests/acl_loader_test.py" line="97" name="test_icmp_translation" time="0.597"></testcase><testcase classname="tests.acl_loader_test.TestAclLoader" file="tests/acl_loader_test.py" line="112" name="test_icmpv6_translation" time="0.592"></testcase><testcase classname="tests.acl_loader_test.TestAclLoader" file="tests/acl_loader_test.py" line="136" name="test_ingress_default_deny_rule" time="0.728"></testcase><testcase classname="tests.acl_loader_test.TestAclLoader" file="tests/acl_loader_test.py" line="151" name="test_egress_no_default_deny_rule" time="0.168"></testcase><testcase classname="tests.acl_loader_test.TestAclLoader" file="tests/acl_loader_test.py" line="158" name="test_icmp_type_lower_bound" time="0.272"></testcase><testcase classname="tests.acl_loader_test.TestAclLoader" file="tests/acl_loader_test.py" line="163" name="test_icmp_type_upper_bound" time="0.044"></testcase><testcase classname="tests.acl_loader_test.TestAclLoader" file="tests/acl_loader_test.py" line="168" name="test_icmp_type_not_a_number" time="0.044"></testcase><testcase classname="tests.acl_loader_test.TestAclLoader" file="tests/acl_loader_test.py" line="173" name="test_icmp_code_lower_bound" time="0.045"></testcase><testcase classname="tests.acl_loader_test.TestAclLoader" file="tests/acl_loader_test.py" line="178" name="test_icmp_code_upper_bound" time="0.046"></testcase><testcase classname="tests.acl_loader_test.TestAclLoader" file="tests/acl_loader_test.py" line="183" name="test_icmp_code_not_a_number" time="0.189"></testcase><testcase classname="tests.acl_loader_test.TestAclLoader" file="tests/acl_loader_test.py" line="188" name="test_icmp_fields_with_non_icmp_protocol" time="0.047"></testcase><testcase classname="tests.acl_loader_test.TestAclLoader" file="tests/acl_loader_test.py" line="199" name="test_icmp_fields_with_non_tcp_protocol" time="0.044"></testcase><testcase classname="tests.acl_loader_test.TestAclLoader" file="tests/acl_loader_test.py" line="204" name="test_incremental_update" time="0.085"></testcase><testcase classname="tests.aclshow_test" file="tests/aclshow_test.py" line="223" name="test_default" time="0.034"></testcase><testcase classname="tests.aclshow_test" file="tests/aclshow_test.py" line="230" name="test_all" time="0.034"></testcase><testcase classname="tests.aclshow_test" file="tests/aclshow_test.py" line="237" name="test_rule1_dataacl" time="0.032"></testcase><testcase classname="tests.aclshow_test" file="tests/aclshow_test.py" line="244" name="test_rule05_all" time="0.032"></testcase><testcase classname="tests.aclshow_test" file="tests/aclshow_test.py" line="251" name="test_rule0" time="0.032"></testcase><testcase classname="tests.aclshow_test" file="tests/aclshow_test.py" line="258" name="test_rule10_lowercase_priority" time="0.033"></testcase><testcase classname="tests.aclshow_test" file="tests/aclshow_test.py" line="265" name="test_rule4_rule6_verbose" time="0.032"></testcase><testcase classname="tests.aclshow_test" file="tests/aclshow_test.py" line="272" name="test_everflow" time="0.032"></testcase><testcase classname="tests.aclshow_test" file="tests/aclshow_test.py" line="279" name="test_dataacl" time="0.033"></testcase><testcase classname="tests.aclshow_test" file="tests/aclshow_test.py" line="286" name="test_clear" time="0.032"></testcase><testcase classname="tests.aclshow_test" file="tests/aclshow_test.py" line="293" name="test_all_after_clear" time="0.066"></testcase><testcase classname="tests.aclshow_test" file="tests/aclshow_test.py" line="302" name="test_clear_and_populate_counters_db" time="0.066"></testcase><testcase classname="tests.bgp_commands_test.TestBgpCommands" file="tests/bgp_commands_test.py" line="217" name="test_bgp_summary_v4[v4]" time="0.028"></testcase><testcase classname="tests.bgp_commands_test.TestBgpCommands" file="tests/bgp_commands_test.py" line="231" name="test_bgp_summary_v6[v6]" time="0.024"></testcase><testcase classname="tests.bgp_commands_test.TestBgpCommands" file="tests/bgp_commands_test.py" line="245" name="test_bgp_summary_error[ ]" time="0.002"></testcase><testcase classname="tests.bgp_commands_test.TestBgpCommands" file="tests/bgp_commands_test.py" line="265" name="test_bgp_summary_v4_chassis[v4]" time="0.348"></testcase><testcase classname="tests.bgp_commands_test.TestBgpCommands" file="tests/bgp_commands_test.py" line="284" name="test_bgp_summary_v6_chassis[v6]" time="0.483"></testcase><testcase classname="tests.bgp_commands_test.TestBgpCommands" file="tests/bgp_commands_test.py" line="303" name="test_bgp_summary_v4_all_chassis[v4]" time="0.026"></testcase><testcase classname="tests.buffer_test.TestBuffer" file="tests/buffer_test.py" line="30" name="test_config_buffer_profile_headroom" time="0.068"></testcase><testcase classname="tests.buffer_test.TestBuffer" file="tests/buffer_test.py" line="41" name="test_config_buffer_profile_dynamic_th" time="0.068"></testcase><testcase classname="tests.buffer_test.TestBuffer" file="tests/buffer_test.py" line="52" name="test_config_buffer_profile_add_existing" time="0.068"></testcase><testcase classname="tests.buffer_test.TestBuffer" file="tests/buffer_test.py" line="61" name="test_config_buffer_profile_set_non_existing" time="0.067"></testcase><testcase classname="tests.buffer_test.TestBuffer" file="tests/buffer_test.py" line="70" name="test_config_buffer_profile_add_headroom_to_dynamic_profile" time="0.067"></testcase><testcase classname="tests.buffer_test.TestBuffer" file="tests/buffer_test.py" line="79" name="test_config_buffer_profile_add_no_xon" time="0.069"></testcase><testcase classname="tests.buffer_test.TestBuffer" file="tests/buffer_test.py" line="88" name="test_config_buffer_profile_add_no_param" time="0.068"></testcase><testcase classname="tests.buffer_test.TestBuffer" file="tests/buffer_test.py" line="96" name="test_config_buffer_profile_multiple_or_none_default_buffer_param_in_database" time="0.070"></testcase><testcase classname="tests.buffer_test.TestBuffer" file="tests/buffer_test.py" line="120" name="test_config_shp_size_negative" time="0.070"></testcase><testcase classname="tests.buffer_test.TestBuffer" file="tests/buffer_test.py" line="129" name="test_config_shp_ratio" time="0.073"></testcase><testcase classname="tests.buffer_test.TestBuffer" file="tests/buffer_test.py" line="138" name="test_config_shp_ratio_negative" time="0.071"></testcase><testcase classname="tests.buffer_test.TestBuffer" file="tests/buffer_test.py" line="150" name="test_config_buffer_profile_headroom_toggle_shp" time="0.075"></testcase><testcase classname="tests.buffer_test.TestBuffer" file="tests/buffer_test.py" line="247" name="test_show_buffer_configuration" time="0.347"></testcase><testcase classname="tests.buffer_test.TestBuffer" file="tests/buffer_test.py" line="250" name="test_show_buffer_information" time="0.346"></testcase><testcase classname="tests.buffer_test.TestInterfaceBuffer" file="tests/buffer_test.py" line="289" name="test_config_int_buffer_pg_lossless_add" time="0.101"></testcase><testcase classname="tests.buffer_test.TestInterfaceBuffer" file="tests/buffer_test.py" line="387" name="test_config_int_buffer_pg_lossless_set" time="0.072"></testcase><testcase classname="tests.buffer_test.TestInterfaceBuffer" file="tests/buffer_test.py" line="410" name="test_config_int_buffer_pg_lossless_remove" time="0.072"></testcase><testcase classname="tests.buffer_test.TestInterfaceBuffer" file="tests/buffer_test.py" line="446" name="test_config_int_buffer_queue_add" time="0.074"></testcase><testcase classname="tests.buffer_test.TestInterfaceBuffer" file="tests/buffer_test.py" line="494" name="test_config_int_buffer_queue_set" time="0.070"></testcase><testcase classname="tests.buffer_test.TestInterfaceBuffer" file="tests/buffer_test.py" line="522" name="test_config_int_buffer_queue_remove" time="0.070"></testcase><testcase classname="tests.chassis_modules_test.TestChassisModules" file="tests/chassis_modules_test.py" line="125" name="test_show_and_verify_output" time="0.077"></testcase><testcase classname="tests.chassis_modules_test.TestChassisModules" file="tests/chassis_modules_test.py" line="131" name="test_show_all_count_lines" time="0.075"></testcase><testcase classname="tests.chassis_modules_test.TestChassisModules" file="tests/chassis_modules_test.py" line="141" name="test_show_single_count_lines" time="0.075"></testcase><testcase classname="tests.chassis_modules_test.TestChassisModules" file="tests/chassis_modules_test.py" line="151" name="test_show_module_down" time="0.074"></testcase><testcase classname="tests.chassis_modules_test.TestChassisModules" file="tests/chassis_modules_test.py" line="159" name="test_show_incorrect_command" time="0.001"></testcase><testcase classname="tests.chassis_modules_test.TestChassisModules" file="tests/chassis_modules_test.py" line="166" name="test_show_incorrect_module" time="0.073"></testcase><testcase classname="tests.chassis_modules_test.TestChassisModules" file="tests/chassis_modules_test.py" line="173" name="test_config_shutdown_module" time="0.075"></testcase><testcase classname="tests.chassis_modules_test.TestChassisModules" file="tests/chassis_modules_test.py" line="192" name="test_config_startup_module" time="0.074"></testcase><testcase classname="tests.chassis_modules_test.TestChassisModules" file="tests/chassis_modules_test.py" line="208" name="test_config_incorrect_module" time="0.067"></testcase><testcase classname="tests.chassis_modules_test.TestChassisModules" file="tests/chassis_modules_test.py" line="216" name="test_show_and_verify_midplane_output" time="0.009"></testcase><testcase classname="tests.chassis_modules_test.TestChassisModules" file="tests/chassis_modules_test.py" line="222" name="test_midplane_show_all_count_lines" time="0.008"></testcase><testcase classname="tests.chassis_modules_test.TestChassisModules" file="tests/chassis_modules_test.py" line="232" name="test_midplane_show_single_count_lines" time="0.009"></testcase><testcase classname="tests.chassis_modules_test.TestChassisModules" file="tests/chassis_modules_test.py" line="242" name="test_midplane_show_module_down" time="0.008"></testcase><testcase classname="tests.chassis_modules_test.TestChassisModules" file="tests/chassis_modules_test.py" line="252" name="test_midplane_show_incorrect_module" time="0.008"></testcase><testcase classname="tests.chassis_modules_test.TestChassisModules" file="tests/chassis_modules_test.py" line="259" name="test_show_and_verify_system_ports_output_asic0" time="0.513"></testcase><testcase classname="tests.chassis_modules_test.TestChassisModules" file="tests/chassis_modules_test.py" line="267" name="test_show_and_verify_system_ports_output_1_asic0" time="0.519"></testcase><testcase classname="tests.chassis_modules_test.TestChassisModules" file="tests/chassis_modules_test.py" line="275" name="test_show_and_verify_system_neighbors_output_all" time="0.489"></testcase><testcase classname="tests.chassis_modules_test.TestChassisModules" file="tests/chassis_modules_test.py" line="281" name="test_show_and_verify_system_neighbors_output_ipv4" time="0.488"></testcase><testcase classname="tests.chassis_modules_test.TestChassisModules" file="tests/chassis_modules_test.py" line="288" name="test_show_and_verify_system_neighbors_output_ipv6" time="0.481"></testcase><testcase classname="tests.chassis_modules_test.TestChassisModules" file="tests/chassis_modules_test.py" line="295" name="test_show_and_verify_system_neighbors_output_asic0" time="0.482"></testcase><testcase classname="tests.chassis_modules_test.TestChassisModules" file="tests/chassis_modules_test.py" line="302" name="test_show_and_verify_system_lags_output" time="0.491"></testcase><testcase classname="tests.chassis_modules_test.TestChassisModules" file="tests/chassis_modules_test.py" line="308" name="test_show_and_verify_system_lags_output_1" time="0.486"></testcase><testcase classname="tests.chassis_modules_test.TestChassisModules" file="tests/chassis_modules_test.py" line="314" name="test_show_and_verify_system_lags_output_asic1" time="0.478"></testcase><testcase classname="tests.chassis_modules_test.TestChassisModules" file="tests/chassis_modules_test.py" line="321" name="test_show_and_verify_system_lags_output_lc4" time="0.485"></testcase><testcase classname="tests.cli_autogen_test.TestCliAutogen" file="tests/cli_autogen_test.py" line="78" name="test_show_device_metadata" time="0.824"></testcase><testcase classname="tests.cli_autogen_test.TestCliAutogen" file="tests/cli_autogen_test.py" line="93" name="test_config_device_metadata" time="0.162"></testcase><testcase classname="tests.cli_autogen_test.TestCliAutogen" file="tests/cli_autogen_test.py" line="111" name="test_config_device_metadata_non_existing_field" time="0.160"></testcase><testcase classname="tests.cli_autogen_test.TestCliAutogen" file="tests/cli_autogen_test.py" line="124" name="test_config_device_metadata_invalid[default-bgp-status-INVALID]" time="0.157"></testcase><testcase classname="tests.cli_autogen_test.TestCliAutogen" file="tests/cli_autogen_test.py" line="124" name="test_config_device_metadata_invalid[docker-routing-config-mode-INVALID]" time="0.160"></testcase><testcase classname="tests.cli_autogen_test.TestCliAutogen" file="tests/cli_autogen_test.py" line="124" name="test_config_device_metadata_invalid[mac-INVALID]" time="0.160"></testcase><testcase classname="tests.cli_autogen_test.TestCliAutogen" file="tests/cli_autogen_test.py" line="124" name="test_config_device_metadata_invalid[default-pfcwd-status-INVALID]" time="0.161"></testcase><testcase classname="tests.cli_autogen_test.TestCliAutogen" file="tests/cli_autogen_test.py" line="124" name="test_config_device_metadata_invalid[bgp-asn-INVALID]" time="0.159"></testcase><testcase classname="tests.cli_autogen_test.TestCliAutogen" file="tests/cli_autogen_test.py" line="124" name="test_config_device_metadata_invalid[type-INVALID]" time="0.165"></testcase><testcase classname="tests.cli_autogen_test.TestCliAutogen" file="tests/cli_autogen_test.py" line="124" name="test_config_device_metadata_invalid[buffer-model-INVALID]" time="0.160"></testcase><testcase classname="tests.cli_autogen_test.TestCliAutogen" file="tests/cli_autogen_test.py" line="124" name="test_config_device_metadata_invalid[frr-mgmt-framework-config-INVALID]" time="0.160"></testcase><testcase classname="tests.cli_autogen_test.TestCliAutogen" file="tests/cli_autogen_test.py" line="148" name="test_show_device_neighbor" time="0.032"></testcase><testcase classname="tests.cli_autogen_test.TestCliAutogen" file="tests/cli_autogen_test.py" line="163" name="test_config_device_neighbor_add" time="0.160"></testcase><testcase classname="tests.cli_autogen_test.TestCliAutogen" file="tests/cli_autogen_test.py" line="187" name="test_config_device_neighbor_delete" time="0.161"></testcase><testcase classname="tests.cli_autogen_test.TestCliAutogen" file="tests/cli_autogen_test.py" line="209" name="test_config_device_neighbor_update[--mgmt-addr-10.217.0.5-PEER NAME    NAME      MGMT ADDR    LOCAL PORT    PORT    TYPE\n-----------  --------  -----------  ------------  ------  ------\nEthernet0    Servers   10.217.0.5   Ethernet0     eth0    type\nEthernet4    Servers0  10.217.0.2   Ethernet4     eth1    type\n]" time="0.161"></testcase><testcase classname="tests.cli_autogen_test.TestCliAutogen" file="tests/cli_autogen_test.py" line="209" name="test_config_device_neighbor_update[--name-Servers1-PEER NAME    NAME      MGMT ADDR    LOCAL PORT    PORT    TYPE\n-----------  --------  -----------  ------------  ------  ------\nEthernet0    Servers1  10.217.0.1   Ethernet0     eth0    type\nEthernet4    Servers0  10.217.0.2   Ethernet4     eth1    type\n]" time="0.162"></testcase><testcase classname="tests.cli_autogen_test.TestCliAutogen" file="tests/cli_autogen_test.py" line="209" name="test_config_device_neighbor_update[--local-port-Ethernet12-PEER NAME    NAME      MGMT ADDR    LOCAL PORT    PORT    TYPE\n-----------  --------  -----------  ------------  ------  ------\nEthernet0    Servers   10.217.0.1   Ethernet12    eth0    type\nEthernet4    Servers0  10.217.0.2   Ethernet4     eth1    type\n]" time="0.161"></testcase><testcase classname="tests.cli_autogen_test.TestCliAutogen" file="tests/cli_autogen_test.py" line="209" name="test_config_device_neighbor_update[--port-eth2-PEER NAME    NAME      MGMT ADDR    LOCAL PORT    PORT    TYPE\n-----------  --------  -----------  ------------  ------  ------\nEthernet0    Servers   10.217.0.1   Ethernet0     eth2    type\nEthernet4    Servers0  10.217.0.2   Ethernet4     eth1    type\n]" time="0.161"></testcase><testcase classname="tests.cli_autogen_test.TestCliAutogen" file="tests/cli_autogen_test.py" line="209" name="test_config_device_neighbor_update[--type-type2-PEER NAME    NAME      MGMT ADDR    LOCAL PORT    PORT    TYPE\n-----------  --------  -----------  ------------  ------  ------\nEthernet0    Servers   10.217.0.1   Ethernet0     eth0    type2\nEthernet4    Servers0  10.217.0.2   Ethernet4     eth1    type\n]" time="0.162"></testcase><testcase classname="tests.cli_autogen_test.TestCliAutogen" file="tests/cli_autogen_test.py" line="238" name="test_config_device_neighbor_update_invalid[--mgmt-addr-INVALID]" time="0.157"></testcase><testcase classname="tests.cli_autogen_test.TestCliAutogen" file="tests/cli_autogen_test.py" line="238" name="test_config_device_neighbor_update_invalid[--local-port-INVALID]" time="0.205"></testcase><testcase classname="tests.cli_autogen_yang_parser_test.TestYangParser" file="tests/cli_autogen_yang_parser_test.py" line="43" name="test_1_table_container" time="0.383"></testcase><testcase classname="tests.cli_autogen_yang_parser_test.TestYangParser" file="tests/cli_autogen_yang_parser_test.py" line="59" name="test_2_table_containers" time="0.146"></testcase><testcase classname="tests.cli_autogen_yang_parser_test.TestYangParser" file="tests/cli_autogen_yang_parser_test.py" line="65" name="test_1_object_container" time="0.141"></testcase><testcase classname="tests.cli_autogen_yang_parser_test.TestYangParser" file="tests/cli_autogen_yang_parser_test.py" line="81" name="test_2_object_containers" time="0.143"></testcase><testcase classname="tests.cli_autogen_yang_parser_test.TestYangParser" file="tests/cli_autogen_yang_parser_test.py" line="87" name="test_1_list" time="0.143"></testcase><testcase classname="tests.cli_autogen_yang_parser_test.TestYangParser" file="tests/cli_autogen_yang_parser_test.py" line="94" name="test_2_lists" time="0.143"></testcase><testcase classname="tests.cli_autogen_yang_parser_test.TestYangParser" file="tests/cli_autogen_yang_parser_test.py" line="101" name="test_static_object_complex_1" time="0.149"></testcase><testcase classname="tests.cli_autogen_yang_parser_test.TestYangParser" file="tests/cli_autogen_yang_parser_test.py" line="109" name="test_static_object_complex_2" time="0.146"></testcase><testcase classname="tests.cli_autogen_yang_parser_test.TestYangParser" file="tests/cli_autogen_yang_parser_test.py" line="117" name="test_dynamic_object_complex_1" time="0.144"></testcase><testcase classname="tests.cli_autogen_yang_parser_test.TestYangParser" file="tests/cli_autogen_yang_parser_test.py" line="125" name="test_dynamic_object_complex_2" time="0.141"></testcase><testcase classname="tests.cli_autogen_yang_parser_test.TestYangParser" file="tests/cli_autogen_yang_parser_test.py" line="133" name="test_choice_complex" time="0.146"></testcase><testcase classname="tests.cli_autogen_yang_parser_test.TestYangParser" file="tests/cli_autogen_yang_parser_test.py" line="142" name="test_grouping_complex" time="0.280"></testcase><testcase classname="tests.config_an_test.TestConfigInterface" file="tests/config_an_test.py" line="30" name="test_config_autoneg" time="1.485"></testcase><testcase classname="tests.config_an_test.TestConfigInterface" file="tests/config_an_test.py" line="39" name="test_config_speed" time="1.768"></testcase><testcase classname="tests.config_an_test.TestConfigInterface" file="tests/config_an_test.py" line="51" name="test_config_adv_speeds" time="2.144"></testcase><testcase classname="tests.config_an_test.TestConfigInterface" file="tests/config_an_test.py" line="65" name="test_config_type" time="2.449"></testcase><testcase classname="tests.config_an_test.TestConfigInterface" file="tests/config_an_test.py" line="79" name="test_config_adv_types" time="2.807"></testcase><testcase classname="tests.config_an_test.TestConfigInterface" file="tests/config_an_test.py" line="96" name="test_config_mtu" time="0.712"></testcase><testcase classname="tests.config_an_test.TestConfigInterface" file="tests/config_an_test.py" line="101" name="test_config_fec" time="2.156"></testcase><testcase classname="tests.config_dpb_test.TestConfigDPB" file="tests/config_dpb_test.py" line="271" name="test_get_breakout_options" time="0.228"></testcase><testcase classname="tests.config_dpb_test.TestConfigDPB" file="tests/config_dpb_test.py" line="309" name="test_config_breakout_extra_table_warning" time="0.144"></testcase><testcase classname="tests.config_dpb_test.TestConfigDPB" file="tests/config_dpb_test.py" line="372" name="test_config_breakout_verbose" time="0.145"></testcase><testcase classname="tests.config_dpb_test.TestConfigDPB" file="tests/config_dpb_test.py" line="408" name="test_config_breakout_negative_cases" time="0.142"></testcase><testcase classname="tests.config_dpb_test.TestConfigDPB" file="tests/config_dpb_test.py" line="468" name="test_config_breakout_various_modes" time="0.008"><skipped message="not stable" type="pytest.skip">/sonic/src/sonic-utilities/tests/config_dpb_test.py:469: not stable</skipped></testcase><testcase classname="tests.config_int_ip_test.TestIntIp" file="tests/config_int_ip_test.py" line="30" name="test_config_int_ip_rem[ip_route_for_int_ip]" time="0.044"></testcase><testcase classname="tests.config_int_ip_test.TestIntIp" file="tests/config_int_ip_test.py" line="53" name="test_config_int_ip_rem_static[ip_route_for_int_ip]" time="0.032"></testcase><testcase classname="tests.config_int_ip_test.TestIntIp" file="tests/config_int_ip_test.py" line="107" name="test_config_int_ip_rem_sub_intf[ip_route_for_int_ip]" time="0.028"></testcase><testcase classname="tests.config_int_ip_test.TestIntIpMultiasic" file="tests/config_int_ip_test.py" line="158" name="test_config_int_ip_rem_static_multiasic[ip_route_for_int_ip]" time="0.165"></testcase><testcase classname="tests.config_int_mtu_test.TestConfigInterfaceMtu" file="tests/config_int_mtu_test.py" line="6" name="test_interface_mtu_check" time="0.067"></testcase><testcase classname="tests.config_int_mtu_test.TestConfigInterfaceMtu" file="tests/config_int_mtu_test.py" line="17" name="test_interface_invalid_mtu_check" time="0.068"></testcase><testcase classname="tests.config_int_name_test" file="tests/config_int_name_test.py" line="7" name="test_interface_name_checker" time="0.068"></testcase><testcase classname="tests.config_lt_test.TestConfigInterface" file="tests/config_lt_test.py" line="30" name="test_config_link_training" time="1.860"></testcase><testcase classname="tests.config_mgmt_test.TestConfigMgmt" file="tests/config_mgmt_test.py" line="139" name="test_break_out" time="0.001"><skipped message="not stable" type="pytest.skip">/sonic/src/sonic-utilities/tests/config_mgmt_test.py:140: not stable</skipped></testcase><testcase classname="tests.config_mgmt_test.TestConfigMgmt" file="tests/config_mgmt_test.py" line="25" name="test_config_get_module_check" time="0.157"></testcase><testcase classname="tests.config_mgmt_test.TestConfigMgmt" file="tests/config_mgmt_test.py" line="32" name="test_config_validation" time="0.138"></testcase><testcase classname="tests.config_mgmt_test.TestConfigMgmt" file="tests/config_mgmt_test.py" line="48" name="test_search_keys" time="0.139"></testcase><testcase classname="tests.config_mgmt_test.TestConfigMgmt" file="tests/config_mgmt_test.py" line="162" name="test_shutdownIntf_call" time="0.000"><skipped message="not stable" type="pytest.skip">/sonic/src/sonic-utilities/tests/config_mgmt_test.py:163: not stable</skipped></testcase><testcase classname="tests.config_mgmt_test.TestConfigMgmt" file="tests/config_mgmt_test.py" line="39" name="test_table_without_yang" time="0.138"></testcase><testcase classname="tests.config_mgmt_test.TestConfigMgmt" file="tests/config_mgmt_test.py" line="67" name="test_upper_case_mac_fix" time="0.157"></testcase><testcase classname="tests.config_mirror_session_test" file="tests/config_mirror_session_test.py" line="10" name="test_mirror_session_add" time="0.008"></testcase><testcase classname="tests.config_mirror_session_test" file="tests/config_mirror_session_test.py" line="95" name="test_mirror_session_erspan_add" time="0.007"></testcase><testcase classname="tests.config_mirror_session_test" file="tests/config_mirror_session_test.py" line="174" name="test_mirror_session_span_add" time="0.195"></testcase><testcase classname="tests.config_override_test.TestConfigOverride" file="tests/config_override_test.py" line="62" name="test_broken_json" time="0.068"></testcase><testcase classname="tests.config_override_test.TestConfigOverride" file="tests/config_override_test.py" line="75" name="test_json_is_not_dict" time="0.068"></testcase><testcase classname="tests.config_override_test.TestConfigOverride" file="tests/config_override_test.py" line="88" name="test_dry_run" time="0.163"></testcase><testcase classname="tests.config_override_test.TestConfigOverride" file="tests/config_override_test.py" line="102" name="test_golden_config_db_empty" time="0.079"></testcase><testcase classname="tests.config_override_test.TestConfigOverride" file="tests/config_override_test.py" line="110" name="test_golden_config_db_partial" time="0.080"></testcase><testcase classname="tests.config_override_test.TestConfigOverride" file="tests/config_override_test.py" line="119" name="test_golden_config_db_new_feature" time="0.079"></testcase><testcase classname="tests.config_override_test.TestConfigOverride" file="tests/config_override_test.py" line="128" name="test_golden_config_db_full" time="0.079"></testcase><testcase classname="tests.config_override_test.TestConfigOverride" file="tests/config_override_test.py" line="137" name="test_golden_config_db_port_config" time="0.079"></testcase><testcase classname="tests.config_override_test.TestConfigOverride" file="tests/config_override_test.py" line="146" name="test_golden_config_db_empty_table_removal" time="0.079"></testcase><testcase classname="tests.config_override_test.TestConfigOverride" file="tests/config_override_test.py" line="171" name="test_yang_verification_enabled" time="0.215"></testcase><testcase classname="tests.config_override_test.TestConfigOverride" file="tests/config_override_test.py" line="196" name="test_running_config_yang_failure" time="0.209"></testcase><testcase classname="tests.config_override_test.TestConfigOverride" file="tests/config_override_test.py" line="207" name="test_golden_input_yang_failure" time="0.213"></testcase><testcase classname="tests.config_override_test.TestConfigOverride" file="tests/config_override_test.py" line="218" name="test_final_config_yang_failure" time="0.213"></testcase><testcase classname="tests.config_snmp_test.TestSNMPConfigCommands" file="tests/config_snmp_test.py" line="118" name="test_config_snmp_community_add_new_community_ro" time="0.071"></testcase><testcase classname="tests.config_snmp_test.TestSNMPConfigCommands" file="tests/config_snmp_test.py" line="129" name="test_config_snmp_community_add_new_community_rw" time="0.067"></testcase><testcase classname="tests.config_snmp_test.TestSNMPConfigCommands" file="tests/config_snmp_test.py" line="140" name="test_config_snmp_community_add_new_community_with_invalid_type" time="0.068"></testcase><testcase classname="tests.config_snmp_test.TestSNMPConfigCommands" file="tests/config_snmp_test.py" line="147" name="test_config_snmp_community_add_invalid_community_over_32_characters" time="0.067"></testcase><testcase classname="tests.config_snmp_test.TestSNMPConfigCommands" file="tests/config_snmp_test.py" line="155" name="test_config_snmp_community_add_invalid_community_with_excluded_special_characters" time="0.066"></testcase><testcase classname="tests.config_snmp_test.TestSNMPConfigCommands" file="tests/config_snmp_test.py" line="163" name="test_config_snmp_community_add_existing_community" time="0.066"></testcase><testcase classname="tests.config_snmp_test.TestSNMPConfigCommands" file="tests/config_snmp_test.py" line="171" name="test_config_snmp_community_del_existing_community" time="0.067"></testcase><testcase classname="tests.config_snmp_test.TestSNMPConfigCommands" file="tests/config_snmp_test.py" line="182" name="test_config_snmp_community_del_non_existing_community" time="0.066"></testcase><testcase classname="tests.config_snmp_test.TestSNMPConfigCommands" file="tests/config_snmp_test.py" line="190" name="test_config_snmp_community_replace_existing_community_with_new_community" time="0.067"></testcase><testcase classname="tests.config_snmp_test.TestSNMPConfigCommands" file="tests/config_snmp_test.py" line="202" name="test_config_snmp_community_replace_existing_community_non_existing_community" time="0.067"></testcase><testcase classname="tests.config_snmp_test.TestSNMPConfigCommands" file="tests/config_snmp_test.py" line="210" name="test_config_snmp_community_replace_new_community_already_exists" time="0.066"></testcase><testcase classname="tests.config_snmp_test.TestSNMPConfigCommands" file="tests/config_snmp_test.py" line="218" name="test_config_snmp_community_replace_with_invalid_new_community_bad_symbol" time="0.067"></testcase><testcase classname="tests.config_snmp_test.TestSNMPConfigCommands" file="tests/config_snmp_test.py" line="226" name="test_config_snmp_community_replace_with_invalid_new_community_over_32_chars" time="0.067"></testcase><testcase classname="tests.config_snmp_test.TestSNMPConfigCommands" file="tests/config_snmp_test.py" line="236" name="test_config_snmp_contact_del_without_contact_redis" time="0.066"></testcase><testcase classname="tests.config_snmp_test.TestSNMPConfigCommands" file="tests/config_snmp_test.py" line="245" name="test_config_snmp_contact_modify_without_contact_redis" time="0.067"></testcase><testcase classname="tests.config_snmp_test.TestSNMPConfigCommands" file="tests/config_snmp_test.py" line="255" name="test_config_snmp_contact_add_del_new_contact" time="0.069"></testcase><testcase classname="tests.config_snmp_test.TestSNMPConfigCommands" file="tests/config_snmp_test.py" line="276" name="test_config_snmp_contact_add_with_existing_contact" time="0.068"></testcase><testcase classname="tests.config_snmp_test.TestSNMPConfigCommands" file="tests/config_snmp_test.py" line="294" name="test_config_snmp_contact_add_invalid_email" time="0.067"></testcase><testcase classname="tests.config_snmp_test.TestSNMPConfigCommands" file="tests/config_snmp_test.py" line="306" name="test_config_snmp_contact_del_new_contact_when_contact_exists" time="0.068"></testcase><testcase classname="tests.config_snmp_test.TestSNMPConfigCommands" file="tests/config_snmp_test.py" line="323" name="test_config_snmp_contact_del_with_existing_contact" time="0.068"></testcase><testcase classname="tests.config_snmp_test.TestSNMPConfigCommands" file="tests/config_snmp_test.py" line="343" name="test_config_snmp_contact_modify_email_with_existing_contact" time="0.069"></testcase><testcase classname="tests.config_snmp_test.TestSNMPConfigCommands" file="tests/config_snmp_test.py" line="362" name="test_config_snmp_contact_modify_contact_and_email_with_existing_entry" time="0.069"></testcase><testcase classname="tests.config_snmp_test.TestSNMPConfigCommands" file="tests/config_snmp_test.py" line="380" name="test_config_snmp_contact_modify_existing_contact_with_invalid_email" time="0.069"></testcase><testcase classname="tests.config_snmp_test.TestSNMPConfigCommands" file="tests/config_snmp_test.py" line="399" name="test_config_snmp_contact_modify_new_contact_with_invalid_email" time="0.068"></testcase><testcase classname="tests.config_snmp_test.TestSNMPConfigCommands" file="tests/config_snmp_test.py" line="418" name="test_config_snmp_location_add_exiting_location_with_same_location_already_existing" time="0.068"></testcase><testcase classname="tests.config_snmp_test.TestSNMPConfigCommands" file="tests/config_snmp_test.py" line="436" name="test_config_snmp_location_add_new_location_with_location_already_existing" time="0.068"></testcase><testcase classname="tests.config_snmp_test.TestSNMPConfigCommands" file="tests/config_snmp_test.py" line="455" name="test_config_snmp_location_del_with_existing_location" time="0.067"></testcase><testcase classname="tests.config_snmp_test.TestSNMPConfigCommands" file="tests/config_snmp_test.py" line="474" name="test_config_snmp_location_del_new_location_with_location_already_existing" time="0.068"></testcase><testcase classname="tests.config_snmp_test.TestSNMPConfigCommands" file="tests/config_snmp_test.py" line="493" name="test_config_snmp_location_modify_with_same_location" time="0.068"></testcase><testcase classname="tests.config_snmp_test.TestSNMPConfigCommands" file="tests/config_snmp_test.py" line="511" name="test_config_snmp_location_modify_without_redis" time="0.067"></testcase><testcase classname="tests.config_snmp_test.TestSNMPConfigCommands" file="tests/config_snmp_test.py" line="523" name="test_config_snmp_location_modify_without_existing_location" time="0.069"></testcase><testcase classname="tests.config_snmp_test.TestSNMPConfigCommands" file="tests/config_snmp_test.py" line="543" name="test_config_snmp_user_add_invalid_user_name_over_32_characters" time="0.067"></testcase><testcase classname="tests.config_snmp_test.TestSNMPConfigCommands" file="tests/config_snmp_test.py" line="552" name="test_config_snmp_user_add_excluded_special_characters_in_username" time="0.066"></testcase><testcase classname="tests.config_snmp_test.TestSNMPConfigCommands" file="tests/config_snmp_test.py" line="560" name="test_config_snmp_user_add_existing_user" time="0.076"></testcase><testcase classname="tests.config_snmp_test.TestSNMPConfigCommands" file="tests/config_snmp_test.py" line="568" name="test_config_snmp_user_add_invalid_user_type" time="0.067"></testcase><testcase classname="tests.config_snmp_test.TestSNMPConfigCommands" file="tests/config_snmp_test.py" line="578" name="test_config_snmp_user_add_invalid_permission_type" time="0.067"></testcase><testcase classname="tests.config_snmp_test.TestSNMPConfigCommands" file="tests/config_snmp_test.py" line="586" name="test_config_snmp_user_add_user_type_noauthnopriv_with_unnecessary_auth_type" time="0.067"></testcase><testcase classname="tests.config_snmp_test.TestSNMPConfigCommands" file="tests/config_snmp_test.py" line="594" name="test_config_snmp_user_add_user_type_authnopriv_missing_auth_type" time="0.067"></testcase><testcase classname="tests.config_snmp_test.TestSNMPConfigCommands" file="tests/config_snmp_test.py" line="602" name="test_config_snmp_user_add_user_type_authnopriv_missing_auth_password" time="0.067"></testcase><testcase classname="tests.config_snmp_test.TestSNMPConfigCommands" file="tests/config_snmp_test.py" line="610" name="test_config_snmp_user_add_user_type_authnopriv_with_unnecessary_encrypt_type" time="0.067"></testcase><testcase classname="tests.config_snmp_test.TestSNMPConfigCommands" file="tests/config_snmp_test.py" line="618" name="test_config_snmp_user_add_user_type_priv_missing_auth_type" time="0.066"></testcase><testcase classname="tests.config_snmp_test.TestSNMPConfigCommands" file="tests/config_snmp_test.py" line="626" name="test_config_snmp_user_add_user_type_priv_missing_auth_password" time="0.066"></testcase><testcase classname="tests.config_snmp_test.TestSNMPConfigCommands" file="tests/config_snmp_test.py" line="634" name="test_config_snmp_user_add_user_type_priv_missing_encrypt_type" time="0.067"></testcase><testcase classname="tests.config_snmp_test.TestSNMPConfigCommands" file="tests/config_snmp_test.py" line="642" name="test_config_snmp_user_add_user_type_priv_invalid_encrypt_password_over_64_characters" time="0.067"></testcase><testcase classname="tests.config_snmp_test.TestSNMPConfigCommands" file="tests/config_snmp_test.py" line="651" name="test_config_snmp_user_add_user_type_priv_invalid_encrypt_password_excluded_special_characters" time="0.066"></testcase><testcase classname="tests.config_snmp_test.TestSNMPConfigCommands" file="tests/config_snmp_test.py" line="659" name="test_config_snmp_user_add_user_type_priv_invalid_encrypt_password_not_long_enough" time="0.067"></testcase><testcase classname="tests.config_snmp_test.TestSNMPConfigCommands" file="tests/config_snmp_test.py" line="667" name="test_config_snmp_user_add_invalid_auth_type" time="0.066"></testcase><testcase classname="tests.config_snmp_test.TestSNMPConfigCommands" file="tests/config_snmp_test.py" line="675" name="test_config_snmp_user_add_missing_auth_password" time="0.067"></testcase><testcase classname="tests.config_snmp_test.TestSNMPConfigCommands" file="tests/config_snmp_test.py" line="683" name="test_config_snmp_user_add_invalid_encrypt_type" time="0.067"></testcase><testcase classname="tests.config_snmp_test.TestSNMPConfigCommands" file="tests/config_snmp_test.py" line="691" name="test_config_snmp_user_add_missing_encrypt_password" time="0.066"></testcase><testcase classname="tests.config_snmp_test.TestSNMPConfigCommands" file="tests/config_snmp_test.py" line="699" name="test_config_snmp_user_add_user_already_existing" time="0.067"></testcase><testcase classname="tests.config_snmp_test.TestSNMPConfigCommands" file="tests/config_snmp_test.py" line="707" name="test_config_snmp_user_add_valid_user_priv_ro_md5_des" time="0.069"></testcase><testcase classname="tests.config_snmp_test.TestSNMPConfigCommands" file="tests/config_snmp_test.py" line="718" name="test_config_snmp_user_add_valid_user_priv_ro_md5_aes" time="0.068"></testcase><testcase classname="tests.config_snmp_test.TestSNMPConfigCommands" file="tests/config_snmp_test.py" line="729" name="test_config_snmp_user_add_valid_user_priv_ro_sha_des" time="0.068"></testcase><testcase classname="tests.config_snmp_test.TestSNMPConfigCommands" file="tests/config_snmp_test.py" line="740" name="test_config_snmp_user_add_valid_user_priv_ro_sha_aes" time="0.068"></testcase><testcase classname="tests.config_snmp_test.TestSNMPConfigCommands" file="tests/config_snmp_test.py" line="751" name="test_config_snmp_user_add_valid_user_priv_ro_hmac_sha_2_des" time="0.068"></testcase><testcase classname="tests.config_snmp_test.TestSNMPConfigCommands" file="tests/config_snmp_test.py" line="763" name="test_config_snmp_user_add_valid_user_priv_ro_hmac_sha_2_aes" time="0.068"></testcase><testcase classname="tests.config_snmp_test.TestSNMPConfigCommands" file="tests/config_snmp_test.py" line="775" name="test_config_snmp_user_add_valid_user_priv_rw_md5_des" time="0.068"></testcase><testcase classname="tests.config_snmp_test.TestSNMPConfigCommands" file="tests/config_snmp_test.py" line="786" name="test_config_snmp_user_add_valid_user_priv_rw_md5_aes" time="0.069"></testcase><testcase classname="tests.config_snmp_test.TestSNMPConfigCommands" file="tests/config_snmp_test.py" line="797" name="test_config_snmp_user_add_valid_user_priv_rw_sha_des" time="0.068"></testcase><testcase classname="tests.config_snmp_test.TestSNMPConfigCommands" file="tests/config_snmp_test.py" line="808" name="test_config_snmp_user_add_valid_user_priv_rw_sha_aes" time="0.069"></testcase><testcase classname="tests.config_snmp_test.TestSNMPConfigCommands" file="tests/config_snmp_test.py" line="819" name="test_config_snmp_user_add_valid_user_priv_rw_hmac_sha_2_des" time="0.068"></testcase><testcase classname="tests.config_snmp_test.TestSNMPConfigCommands" file="tests/config_snmp_test.py" line="831" name="test_config_snmp_user_add_valid_user_priv_rw_hmac_sha_2_aes" time="0.068"></testcase><testcase classname="tests.config_snmp_test.TestSNMPConfigCommands" file="tests/config_snmp_test.py" line="844" name="test_config_snmp_user_del_valid_user" time="0.068"></testcase><testcase classname="tests.config_snmp_test.TestSNMPConfigCommands" file="tests/config_snmp_test.py" line="853" name="test_config_snmp_user_del_invalid_user" time="0.067"></testcase><testcase classname="tests.config_snmp_test.TestSNMPConfigCommands" file="tests/config_snmp_test.py" line="861" name="test_is_valid_email[test@contoso]" time="0.001"></testcase><testcase classname="tests.config_snmp_test.TestSNMPConfigCommands" file="tests/config_snmp_test.py" line="861" name="test_is_valid_email[test.contoso.com]" time="0.001"></testcase><testcase classname="tests.config_snmp_test.TestSNMPConfigCommands" file="tests/config_snmp_test.py" line="861" name="test_is_valid_email[testcontoso@com]" time="0.001"></testcase><testcase classname="tests.config_snmp_test.TestSNMPConfigCommands" file="tests/config_snmp_test.py" line="861" name="test_is_valid_email[123_%contoso.com]" time="0.001"></testcase><testcase classname="tests.config_snmp_test.TestSNMPConfigCommands" file="tests/config_snmp_test.py" line="861" name="test_is_valid_email[mytest@contoso.comm]" time="0.002"></testcase><testcase classname="tests.config_test.TestConfigReload" file="tests/config_test.py" line="210" name="test_config_reload" time="0.586"></testcase><testcase classname="tests.config_test.TestConfigReload" file="tests/config_test.py" line="236" name="test_config_reload_untriggered_timer" time="0.137"></testcase><testcase classname="tests.config_test.TestLoadMinigraph" file="tests/config_test.py" line="282" name="test_load_minigraph" time="0.133"></testcase><testcase classname="tests.config_test.TestLoadMinigraph" file="tests/config_test.py" line="298" name="test_load_minigraph_with_gnmi_timer" time="0.119"></testcase><testcase classname="tests.config_test.TestLoadMinigraph" file="tests/config_test.py" line="314" name="test_load_minigraph_with_port_config_bad_format" time="0.231"></testcase><testcase classname="tests.config_test.TestLoadMinigraph" file="tests/config_test.py" line="328" name="test_load_minigraph_with_port_config_inconsistent_port" time="0.119"></testcase><testcase classname="tests.config_test.TestLoadMinigraph" file="tests/config_test.py" line="339" name="test_load_minigraph_with_port_config" time="0.165"></testcase><testcase classname="tests.config_test.TestLoadMinigraph" file="tests/config_test.py" line="356" name="test_load_backend_acl" time="0.120"></testcase><testcase classname="tests.config_test.TestLoadMinigraph" file="tests/config_test.py" line="361" name="test_load_backend_acl_not_storage" time="0.117"></testcase><testcase classname="tests.config_test.TestLoadMinigraph" file="tests/config_test.py" line="365" name="test_load_backend_acl_storage_leaf" time="0.117"></testcase><testcase classname="tests.config_test.TestLoadMinigraph" file="tests/config_test.py" line="370" name="test_load_backend_acl_storage_no_dataacl" time="0.118"></testcase><testcase classname="tests.config_test.TestLoadMinigraph" file="tests/config_test.py" line="413" name="test_load_minigraph_with_non_exist_golden_config_path" time="0.101"></testcase><testcase classname="tests.config_test.TestLoadMinigraph" file="tests/config_test.py" line="424" name="test_load_minigraph_with_specified_golden_config_path" time="0.114"></testcase><testcase classname="tests.config_test.TestLoadMinigraph" file="tests/config_test.py" line="435" name="test_load_minigraph_with_default_golden_config_path" time="0.116"></testcase><testcase classname="tests.config_test.TestLoadMinigraph" file="tests/config_test.py" line="446" name="test_load_minigraph_with_traffic_shift_away" time="0.115"></testcase><testcase classname="tests.config_test.TestLoadMinigraph" file="tests/config_test.py" line="457" name="test_load_minigraph_with_traffic_shift_away_with_golden_config" time="0.182"></testcase><testcase classname="tests.config_test.TestReloadConfig" file="tests/config_test.py" line="490" name="test_reload_config" time="0.136"></testcase><testcase classname="tests.config_test.TestReloadConfig" file="tests/config_test.py" line="509" name="test_config_reload_disabled_service" time="0.116"></testcase><testcase classname="tests.config_test.TestReloadConfig" file="tests/config_test.py" line="528" name="test_reload_config_masic" time="0.173"></testcase><testcase classname="tests.config_test.TestReloadConfig" file="tests/config_test.py" line="551" name="test_reload_yang_config" time="0.116"></testcase><testcase classname="tests.config_test.TestConfigCbf" file="tests/config_test.py" line="585" name="test_cbf_reload_single" time="0.608"></testcase><testcase classname="tests.config_test.TestConfigCbfMasic" file="tests/config_test.py" line="631" name="test_cbf_reload_masic" time="0.860"></testcase><testcase classname="tests.config_test.TestConfigQos" file="tests/config_test.py" line="684" name="test_qos_reload_single" time="0.545"></testcase><testcase classname="tests.config_test.TestConfigQos" file="tests/config_test.py" line="711" name="test_qos_update_single" time="0.507"></testcase><testcase classname="tests.config_test.TestConfigQosMasic" file="tests/config_test.py" line="749" name="test_qos_reload_masic" time="1.006"></testcase><testcase classname="tests.config_test.TestConfigQosMasic" file="tests/config_test.py" line="782" name="test_qos_update_masic" time="0.985"></testcase><testcase classname="tests.config_test.TestGenericUpdateCommands" file="tests/config_test.py" line="883" name="test_apply_patch__all_optional_params_non_default__non_default_values_used" time="0.017"></testcase><testcase classname="tests.config_test.TestGenericUpdateCommands" file="tests/config_test.py" line="912" name="test_apply_patch__exception_thrown__error_displayed_error_code_returned" time="0.009"></testcase><testcase classname="tests.config_test.TestGenericUpdateCommands" file="tests/config_test.py" line="853" name="test_apply_patch__help__gets_help_msg" time="0.002"></testcase><testcase classname="tests.config_test.TestGenericUpdateCommands" file="tests/config_test.py" line="841" name="test_apply_patch__no_params__get_required_params_error_msg" time="0.001"></testcase><testcase classname="tests.config_test.TestGenericUpdateCommands" file="tests/config_test.py" line="865" name="test_apply_patch__only_required_params__default_values_used_for_optional_params" time="0.006"></testcase><testcase classname="tests.config_test.TestGenericUpdateCommands" file="tests/config_test.py" line="930" name="test_apply_patch__optional_parameters_passed_correctly" time="0.027"></testcase><testcase classname="tests.config_test.TestGenericUpdateCommands" file="tests/config_test.py" line="1246" name="test_checkpoint__all_optional_params_non_default__non_default_values_used" time="0.002"></testcase><testcase classname="tests.config_test.TestGenericUpdateCommands" file="tests/config_test.py" line="1266" name="test_checkpoint__exception_thrown__error_displayed_error_code_returned" time="0.002"></testcase><testcase classname="tests.config_test.TestGenericUpdateCommands" file="tests/config_test.py" line="1218" name="test_checkpoint__help__gets_help_msg" time="0.001"></testcase><testcase classname="tests.config_test.TestGenericUpdateCommands" file="tests/config_test.py" line="1206" name="test_checkpoint__no_params__get_required_params_error_msg" time="0.001"></testcase><testcase classname="tests.config_test.TestGenericUpdateCommands" file="tests/config_test.py" line="1230" name="test_checkpoint__only_required_params__default_values_used_for_optional_params" time="0.002"></testcase><testcase classname="tests.config_test.TestGenericUpdateCommands" file="tests/config_test.py" line="1283" name="test_checkpoint__optional_parameters_passed_correctly" time="0.002"></testcase><testcase classname="tests.config_test.TestGenericUpdateCommands" file="tests/config_test.py" line="1345" name="test_delete_checkpoint__all_optional_params_non_default__non_default_values_used" time="0.002"></testcase><testcase classname="tests.config_test.TestGenericUpdateCommands" file="tests/config_test.py" line="1365" name="test_delete_checkpoint__exception_thrown__error_displayed_error_code_returned" time="0.002"></testcase><testcase classname="tests.config_test.TestGenericUpdateCommands" file="tests/config_test.py" line="1317" name="test_delete_checkpoint__help__gets_help_msg" time="0.001"></testcase><testcase classname="tests.config_test.TestGenericUpdateCommands" file="tests/config_test.py" line="1305" name="test_delete_checkpoint__no_params__get_required_params_error_msg" time="0.001"></testcase><testcase classname="tests.config_test.TestGenericUpdateCommands" file="tests/config_test.py" line="1329" name="test_delete_checkpoint__only_required_params__default_values_used_for_optional_params" time="0.002"></testcase><testcase classname="tests.config_test.TestGenericUpdateCommands" file="tests/config_test.py" line="1382" name="test_delete_checkpoint__optional_parameters_passed_correctly" time="0.002"></testcase><testcase classname="tests.config_test.TestGenericUpdateCommands" file="tests/config_test.py" line="1416" name="test_list_checkpoints__all_optional_params_non_default__non_default_values_used" time="0.002"></testcase><testcase classname="tests.config_test.TestGenericUpdateCommands" file="tests/config_test.py" line="1436" name="test_list_checkpoints__exception_thrown__error_displayed_error_code_returned" time="0.002"></testcase><testcase classname="tests.config_test.TestGenericUpdateCommands" file="tests/config_test.py" line="1404" name="test_list_checkpoints__help__gets_help_msg" time="0.001"></testcase><testcase classname="tests.config_test.TestGenericUpdateCommands" file="tests/config_test.py" line="1452" name="test_list_checkpoints__optional_parameters_passed_correctly" time="0.002"></testcase><testcase classname="tests.config_test.TestGenericUpdateCommands" file="tests/config_test.py" line="1008" name="test_replace__all_optional_params_non_default__non_default_values_used" time="0.007"></testcase><testcase classname="tests.config_test.TestGenericUpdateCommands" file="tests/config_test.py" line="1037" name="test_replace__exception_thrown__error_displayed_error_code_returned" time="0.006"></testcase><testcase classname="tests.config_test.TestGenericUpdateCommands" file="tests/config_test.py" line="978" name="test_replace__help__gets_help_msg" time="0.002"></testcase><testcase classname="tests.config_test.TestGenericUpdateCommands" file="tests/config_test.py" line="966" name="test_replace__no_params__get_required_params_error_msg" time="0.001"></testcase><testcase classname="tests.config_test.TestGenericUpdateCommands" file="tests/config_test.py" line="990" name="test_replace__only_required_params__default_values_used_for_optional_params" time="0.006"></testcase><testcase classname="tests.config_test.TestGenericUpdateCommands" file="tests/config_test.py" line="1055" name="test_replace__optional_parameters_passed_correctly" time="0.026"></testcase><testcase classname="tests.config_test.TestGenericUpdateCommands" file="tests/config_test.py" line="1131" name="test_rollback__all_optional_params_non_default__non_default_values_used" time="0.002"></testcase><testcase classname="tests.config_test.TestGenericUpdateCommands" file="tests/config_test.py" line="1158" name="test_rollback__exception_thrown__error_displayed_error_code_returned" time="0.002"></testcase><testcase classname="tests.config_test.TestGenericUpdateCommands" file="tests/config_test.py" line="1103" name="test_rollback__help__gets_help_msg" time="0.002"></testcase><testcase classname="tests.config_test.TestGenericUpdateCommands" file="tests/config_test.py" line="1091" name="test_rollback__no_params__get_required_params_error_msg" time="0.002"></testcase><testcase classname="tests.config_test.TestGenericUpdateCommands" file="tests/config_test.py" line="1115" name="test_rollback__only_required_params__default_values_used_for_optional_params" time="0.004"></testcase><testcase classname="tests.config_test.TestGenericUpdateCommands" file="tests/config_test.py" line="1175" name="test_rollback__optional_parameters_passed_correctly" time="0.008"></testcase><testcase classname="tests.config_test.TestConfigLoadMgmtConfig" file="tests/config_test.py" line="1488" name="test_config_load_mgmt_config_ipv4_only" time="0.021"></testcase><testcase classname="tests.config_test.TestConfigLoadMgmtConfig" file="tests/config_test.py" line="1503" name="test_config_load_mgmt_config_ipv6_only" time="0.004"></testcase><testcase classname="tests.config_test.TestConfigLoadMgmtConfig" file="tests/config_test.py" line="1518" name="test_config_load_mgmt_config_ipv4_ipv6" time="0.005"></testcase><testcase classname="tests.config_test.TestConfigRate" file="tests/config_test.py" line="1578" name="test_config_rate" time="0.032"></testcase><testcase classname="tests.config_test.TestConfigHostname" file="tests/config_test.py" line="1605" name="test_hostname_add" time="0.017"></testcase><testcase classname="tests.config_test.TestConfigLoopback" file="tests/config_test.py" line="1639" name="test_add_loopback_with_invalid_name_yang_validation" time="0.082"></testcase><testcase classname="tests.config_test.TestConfigLoopback" file="tests/config_test.py" line="1653" name="test_add_loopback_with_invalid_name_adhoc_validation" time="0.067"></testcase><testcase classname="tests.config_test.TestConfigLoopback" file="tests/config_test.py" line="1677" name="test_del_nonexistent_loopback_adhoc_validation" time="0.067"></testcase><testcase classname="tests.config_test.TestConfigLoopback" file="tests/config_test.py" line="1689" name="test_add_loopback_yang_validation" time="0.067"></testcase><testcase classname="tests.config_test.TestConfigLoopback" file="tests/config_test.py" line="1702" name="test_add_loopback_adhoc_validation" time="0.067"></testcase><testcase classname="tests.config_xcvr_test.TestConfigXcvr" file="tests/config_xcvr_test.py" line="30" name="test_config_laser_frequency" time="1.143"></testcase><testcase classname="tests.config_xcvr_test.TestConfigXcvr" file="tests/config_xcvr_test.py" line="40" name="test_config_tx_power" time="1.072"></testcase><testcase classname="tests.console_test.TestConfigConsoleCommands" file="tests/console_test.py" line="22" name="test_enable_console_switch" time="0.134"></testcase><testcase classname="tests.console_test.TestConfigConsoleCommands" file="tests/console_test.py" line="31" name="test_disable_console_switch" time="0.132"></testcase><testcase classname="tests.console_test.TestConfigConsoleCommands" file="tests/console_test.py" line="40" name="test_console_add_exists" time="0.067"></testcase><testcase classname="tests.console_test.TestConfigConsoleCommands" file="tests/console_test.py" line="52" name="test_console_add_no_baud" time="0.067"></testcase><testcase classname="tests.console_test.TestConfigConsoleCommands" file="tests/console_test.py" line="63" name="test_console_add_name_conflict" time="0.067"></testcase><testcase classname="tests.console_test.TestConfigConsoleCommands" file="tests/console_test.py" line="75" name="test_console_add_success" time="0.068"></testcase><testcase classname="tests.console_test.TestConfigConsoleCommands" file="tests/console_test.py" line="97" name="test_console_del_non_exists" time="0.067"></testcase><testcase classname="tests.console_test.TestConfigConsoleCommands" file="tests/console_test.py" line="108" name="test_console_del_success" time="0.067"></testcase><testcase classname="tests.console_test.TestConfigConsoleCommands" file="tests/console_test.py" line="119" name="test_update_console_remote_device_name_non_exists" time="0.066"></testcase><testcase classname="tests.console_test.TestConfigConsoleCommands" file="tests/console_test.py" line="130" name="test_update_console_remote_device_name_conflict" time="0.067"></testcase><testcase classname="tests.console_test.TestConfigConsoleCommands" file="tests/console_test.py" line="143" name="test_update_console_remote_device_name_existing_and_same" time="0.067"></testcase><testcase classname="tests.console_test.TestConfigConsoleCommands" file="tests/console_test.py" line="154" name="test_update_console_remote_device_name_reset" time="0.066"></testcase><testcase classname="tests.console_test.TestConfigConsoleCommands" file="tests/console_test.py" line="165" name="test_update_console_remote_device_name_success" time="0.067"></testcase><testcase classname="tests.console_test.TestConfigConsoleCommands" file="tests/console_test.py" line="176" name="test_update_console_baud_no_change" time="0.067"></testcase><testcase classname="tests.console_test.TestConfigConsoleCommands" file="tests/console_test.py" line="187" name="test_update_console_baud_non_exists" time="0.067"></testcase><testcase classname="tests.console_test.TestConfigConsoleCommands" file="tests/console_test.py" line="198" name="test_update_console_baud_success" time="0.067"></testcase><testcase classname="tests.console_test.TestConfigConsoleCommands" file="tests/console_test.py" line="209" name="test_update_console_flow_control_no_change" time="0.067"></testcase><testcase classname="tests.console_test.TestConfigConsoleCommands" file="tests/console_test.py" line="220" name="test_update_console_flow_control_non_exists" time="0.067"></testcase><testcase classname="tests.console_test.TestConfigConsoleCommands" file="tests/console_test.py" line="231" name="test_update_console_flow_control_success" time="0.067"></testcase><testcase classname="tests.console_test.TestConsutilLib" file="tests/console_test.py" line="247" name="test_console_port_provider_get_all_configured_only_empty" time="0.070"></testcase><testcase classname="tests.console_test.TestConsutilLib" file="tests/console_test.py" line="252" name="test_console_port_provider_get_all_configured_only_nonempty" time="0.066"></testcase><testcase classname="tests.console_test.TestConsutilLib" file="tests/console_test.py" line="259" name="test_console_port_provider_get_all_with_ttys" time="0.067"></testcase><testcase classname="tests.console_test.TestConsutilLib" file="tests/console_test.py" line="269" name="test_console_port_provider_get_line_success" time="0.067"></testcase><testcase classname="tests.console_test.TestConsutilLib" file="tests/console_test.py" line="278" name="test_console_port_provider_get_line_not_found" time="0.066"></testcase><testcase classname="tests.console_test.TestConsutilLib" file="tests/console_test.py" line="284" name="test_console_port_provider_get_line_by_device_success" time="0.066"></testcase><testcase classname="tests.console_test.TestConsutilLib" file="tests/console_test.py" line="293" name="test_console_port_provider_get_line_by_device_not_found" time="0.066"></testcase><testcase classname="tests.console_test.TestConsutilLib" file="tests/console_test.py" line="301" name="test_console_port_info_refresh_without_session" time="0.066"></testcase><testcase classname="tests.console_test.TestConsutilLib" file="tests/console_test.py" line="311" name="test_console_port_info_refresh_without_session_idle" time="0.066"></testcase><testcase classname="tests.console_test.TestConsutilLib" file="tests/console_test.py" line="319" name="test_console_port_info_refresh_with_session" time="0.067"></testcase><testcase classname="tests.console_test.TestConsutilLib" file="tests/console_test.py" line="332" name="test_console_port_info_refresh_with_session_line_mismatch" time="0.067"></testcase><testcase classname="tests.console_test.TestConsutilLib" file="tests/console_test.py" line="345" name="test_console_port_info_refresh_with_session_process_ended" time="0.067"></testcase><testcase classname="tests.console_test.TestConsutilLib" file="tests/console_test.py" line="356" name="test_console_port_info_connect_state_busy" time="0.068"></testcase><testcase classname="tests.console_test.TestConsutilLib" file="tests/console_test.py" line="364" name="test_console_port_info_connect_invalid_config" time="0.078"></testcase><testcase classname="tests.console_test.TestConsutilLib" file="tests/console_test.py" line="372" name="test_console_port_info_connect_device_busy" time="0.069"></testcase><testcase classname="tests.console_test.TestConsutilLib" file="tests/console_test.py" line="384" name="test_console_port_info_connect_connection_fail" time="0.069"></testcase><testcase classname="tests.console_test.TestConsutilLib" file="tests/console_test.py" line="396" name="test_console_port_info_connect_success" time="0.068"></testcase><testcase classname="tests.console_test.TestConsutilLib" file="tests/console_test.py" line="409" name="test_console_port_info_clear_session_line_not_busy" time="0.067"></testcase><testcase classname="tests.console_test.TestConsutilLib" file="tests/console_test.py" line="416" name="test_console_port_info_clear_session_with_state_db" time="0.066"></testcase><testcase classname="tests.console_test.TestConsutilLib" file="tests/console_test.py" line="424" name="test_console_port_info_clear_session_with_existing_session" time="0.067"></testcase><testcase classname="tests.console_test.TestConsutilLib" file="tests/console_test.py" line="432" name="test_sys_info_provider_init_device_prefix_plugin_nonexists" time="0.001"></testcase><testcase classname="tests.console_test.TestConsutilLib" file="tests/console_test.py" line="438" name="test_sys_info_provider_init_device_prefix_plugin" time="0.006"></testcase><testcase classname="tests.console_test.TestConsutilLib" file="tests/console_test.py" line="446" name="test_sys_info_provider_list_console_ttys" time="0.001"></testcase><testcase classname="tests.console_test.TestConsutilLib" file="tests/console_test.py" line="453" name="test_sys_info_provider_list_console_ttys_device_not_exists" time="0.001"></testcase><testcase classname="tests.console_test.TestConsutilLib" file="tests/console_test.py" line="462" name="test_sys_info_provider_list_active_console_processes" time="0.002"></testcase><testcase classname="tests.console_test.TestConsutilLib" file="tests/console_test.py" line="471" name="test_sys_info_provider_get_active_console_process_info_exists" time="0.001"></testcase><testcase classname="tests.console_test.TestConsutilLib" file="tests/console_test.py" line="479" name="test_sys_info_provider_get_active_console_process_info_nonexists" time="0.001"></testcase><testcase classname="tests.console_test.TestConsutil" file="tests/console_test.py" line="490" name="test_consutil_feature_disabled_null_config" time="0.067"></testcase><testcase classname="tests.console_test.TestConsutil" file="tests/console_test.py" line="502" name="test_consutil_feature_disabled_config" time="0.066"></testcase><testcase classname="tests.console_test.TestConsutil" file="tests/console_test.py" line="515" name="test_consutil_feature_enabled" time="0.089"></testcase><testcase classname="tests.console_test.TestConsutilShow" file="tests/console_test.py" line="539" name="test_show" time="0.071"></testcase><testcase classname="tests.console_test.TestConsutilShow" file="tests/console_test.py" line="559" name="test_show_stale_idle_to_busy" time="0.067"></testcase><testcase classname="tests.console_test.TestConsutilShow" file="tests/console_test.py" line="575" name="test_show_stale_busy_to_idle" time="0.068"></testcase><testcase classname="tests.console_test.TestConsutilConnect" file="tests/console_test.py" line="604" name="test_connect_target_nonexists" time="0.068"></testcase><testcase classname="tests.console_test.TestConsutilConnect" file="tests/console_test.py" line="623" name="test_connect_line_busy" time="0.068"></testcase><testcase classname="tests.console_test.TestConsutilConnect" file="tests/console_test.py" line="643" name="test_connect_no_baud" time="0.080"></testcase><testcase classname="tests.console_test.TestConsutilConnect" file="tests/console_test.py" line="655" name="test_connect_picocom_err" time="0.069"></testcase><testcase classname="tests.console_test.TestConsutilConnect" file="tests/console_test.py" line="668" name="test_connect_success" time="0.068"></testcase><testcase classname="tests.console_test.TestConsutilClear" file="tests/console_test.py" line="687" name="test_clear_without_root" time="0.067"></testcase><testcase classname="tests.console_test.TestConsutilClear" file="tests/console_test.py" line="700" name="test_clear_line_not_found" time="0.067"></testcase><testcase classname="tests.console_test.TestConsutilClear" file="tests/console_test.py" line="713" name="test_clear_idle" time="0.067"></testcase><testcase classname="tests.console_test.TestConsutilClear" file="tests/console_test.py" line="728" name="test_clear_success" time="0.068"></testcase><testcase classname="tests.coredump_gen_handler_test.TestCoreDumpCreationEvent" file="tests/coredump_gen_handler_test.py" line="452" name="test_auto_ts_empty_state_db" time="0.271"></testcase><testcase classname="tests.coredump_gen_handler_test.TestCoreDumpCreationEvent" file="tests/coredump_gen_handler_test.py" line="433" name="test_auto_ts_options" time="0.076"></testcase><testcase classname="tests.coredump_gen_handler_test.TestCoreDumpCreationEvent" file="tests/coredump_gen_handler_test.py" line="362" name="test_core_dump_cleanup" time="0.079"></testcase><testcase classname="tests.coredump_gen_handler_test.TestCoreDumpCreationEvent" file="tests/coredump_gen_handler_test.py" line="204" name="test_core_dump_with_invalid_container_name" time="0.076"></testcase><testcase classname="tests.coredump_gen_handler_test.TestCoreDumpCreationEvent" file="tests/coredump_gen_handler_test.py" line="232" name="test_feature_table_not_set" time="0.076"></testcase><testcase classname="tests.coredump_gen_handler_test.TestCoreDumpCreationEvent" file="tests/coredump_gen_handler_test.py" line="109" name="test_global_rate_limit_interval" time="0.078"></testcase><testcase classname="tests.coredump_gen_handler_test.TestCoreDumpCreationEvent" file="tests/coredump_gen_handler_test.py" line="326" name="test_invalid_since_argument" time="0.079"></testcase><testcase classname="tests.coredump_gen_handler_test.TestCoreDumpCreationEvent" file="tests/coredump_gen_handler_test.py" line="172" name="test_invoc_ts_after_rate_limit_interval" time="0.329"></testcase><testcase classname="tests.coredump_gen_handler_test.TestCoreDumpCreationEvent" file="tests/coredump_gen_handler_test.py" line="77" name="test_invoc_ts_state_db_update" time="0.078"></testcase><testcase classname="tests.coredump_gen_handler_test.TestCoreDumpCreationEvent" file="tests/coredump_gen_handler_test.py" line="295" name="test_masic_core_dump" time="0.079"></testcase><testcase classname="tests.coredump_gen_handler_test.TestCoreDumpCreationEvent" file="tests/coredump_gen_handler_test.py" line="382" name="test_max_core_size_limit_not_crossed" time="0.077"></testcase><testcase classname="tests.coredump_gen_handler_test.TestCoreDumpCreationEvent" file="tests/coredump_gen_handler_test.py" line="407" name="test_max_retry_ts_failure" time="0.075"></testcase><testcase classname="tests.coredump_gen_handler_test.TestCoreDumpCreationEvent" file="tests/coredump_gen_handler_test.py" line="142" name="test_per_container_rate_limit_interval" time="0.329"></testcase><testcase classname="tests.coredump_gen_handler_test.TestCoreDumpCreationEvent" file="tests/coredump_gen_handler_test.py" line="260" name="test_since_argument" time="0.079"></testcase><testcase classname="tests.counterpoll_test.TestCounterpoll" file="tests/counterpoll_test.py" line="40" name="test_show" time="0.017"></testcase><testcase classname="tests.counterpoll_test.TestCounterpoll" file="tests/counterpoll_test.py" line="46" name="test_port_buffer_drop_interval" time="0.015"></testcase><testcase classname="tests.counterpoll_test.TestCounterpoll" file="tests/counterpoll_test.py" line="52" name="test_port_buffer_drop_interval_too_short" time="0.001"></testcase><testcase classname="tests.counterpoll_test.TestCounterpoll" file="tests/counterpoll_test.py" line="60" name="test_pg_drop_interval_too_long" time="0.001"></testcase><testcase classname="tests.counterpoll_test.TestCounterpoll" file="tests/counterpoll_test.py" line="68" name="test_acl_interval_range[100]" time="0.001"></testcase><testcase classname="tests.counterpoll_test.TestCounterpoll" file="tests/counterpoll_test.py" line="68" name="test_acl_interval_range[50000]" time="0.001"></testcase><testcase classname="tests.counterpoll_test.TestCounterpoll" file="tests/counterpoll_test.py" line="87" name="test_update_counter_config_db_status[disable]" time="0.014"></testcase><testcase classname="tests.counterpoll_test.TestCounterpoll" file="tests/counterpoll_test.py" line="87" name="test_update_counter_config_db_status[enable]" time="0.036"></testcase><testcase classname="tests.counterpoll_test.TestCounterpoll" file="tests/counterpoll_test.py" line="99" name="test_update_pg_drop_status[disable]" time="0.067"></testcase><testcase classname="tests.counterpoll_test.TestCounterpoll" file="tests/counterpoll_test.py" line="99" name="test_update_pg_drop_status[enable]" time="0.066"></testcase><testcase classname="tests.counterpoll_test.TestCounterpoll" file="tests/counterpoll_test.py" line="111" name="test_update_pg_drop_interval" time="0.067"></testcase><testcase classname="tests.counterpoll_test.TestCounterpoll" file="tests/counterpoll_test.py" line="123" name="test_update_acl_status[disable]" time="0.067"></testcase><testcase classname="tests.counterpoll_test.TestCounterpoll" file="tests/counterpoll_test.py" line="123" name="test_update_acl_status[enable]" time="0.066"></testcase><testcase classname="tests.counterpoll_test.TestCounterpoll" file="tests/counterpoll_test.py" line="135" name="test_update_acl_interval" time="0.068"></testcase><testcase classname="tests.counterpoll_test.TestCounterpoll" file="tests/counterpoll_test.py" line="147" name="test_update_trap_counter_status[disable]" time="0.068"></testcase><testcase classname="tests.counterpoll_test.TestCounterpoll" file="tests/counterpoll_test.py" line="147" name="test_update_trap_counter_status[enable]" time="0.067"></testcase><testcase classname="tests.counterpoll_test.TestCounterpoll" file="tests/counterpoll_test.py" line="159" name="test_update_route_flow_counter_status[disable]" time="0.067"></testcase><testcase classname="tests.counterpoll_test.TestCounterpoll" file="tests/counterpoll_test.py" line="159" name="test_update_route_flow_counter_status[enable]" time="0.068"></testcase><testcase classname="tests.counterpoll_test.TestCounterpoll" file="tests/counterpoll_test.py" line="171" name="test_update_trap_counter_interval" time="0.067"></testcase><testcase classname="tests.counterpoll_test.TestCounterpoll" file="tests/counterpoll_test.py" line="195" name="test_update_route_counter_interval" time="0.068"></testcase><testcase classname="tests.crm_test.TestCrm" file="tests/crm_test.py" line="1043" name="test_crm_show_summary" time="0.120"></testcase><testcase classname="tests.crm_test.TestCrm" file="tests/crm_test.py" line="1057" name="test_crm_config_polling_interval" time="0.120"></testcase><testcase classname="tests.crm_test.TestCrm" file="tests/crm_test.py" line="1069" name="test_crm_show_thresholds_acl_group" time="0.173"></testcase><testcase classname="tests.crm_test.TestCrm" file="tests/crm_test.py" line="1085" name="test_crm_show_thresholds_acl_table" time="0.173"></testcase><testcase classname="tests.crm_test.TestCrm" file="tests/crm_test.py" line="1101" name="test_crm_show_thresholds_all" time="0.017"></testcase><testcase classname="tests.crm_test.TestCrm" file="tests/crm_test.py" line="1108" name="test_crm_show_thresholds_fdb" time="0.177"></testcase><testcase classname="tests.crm_test.TestCrm" file="tests/crm_test.py" line="1124" name="test_crm_show_thresholds_ipv4_neighbor" time="0.173"></testcase><testcase classname="tests.crm_test.TestCrm" file="tests/crm_test.py" line="1140" name="test_crm_show_thresholds_ipv4_nexthop" time="0.173"></testcase><testcase classname="tests.crm_test.TestCrm" file="tests/crm_test.py" line="1156" name="test_crm_show_thresholds_ipv4_route" time="0.175"></testcase><testcase classname="tests.crm_test.TestCrm" file="tests/crm_test.py" line="1172" name="test_crm_show_thresholds_ipv6_neighbor" time="0.173"></testcase><testcase classname="tests.crm_test.TestCrm" file="tests/crm_test.py" line="1188" name="test_crm_show_thresholds_ipv6_nexthop" time="0.172"></testcase><testcase classname="tests.crm_test.TestCrm" file="tests/crm_test.py" line="1204" name="test_crm_show_thresholds_ipv6_route" time="0.173"></testcase><testcase classname="tests.crm_test.TestCrm" file="tests/crm_test.py" line="1220" name="test_crm_show_thresholds_nexthop_group_member" time="0.174"></testcase><testcase classname="tests.crm_test.TestCrm" file="tests/crm_test.py" line="1236" name="test_crm_show_thresholds_nexthop_group_object" time="0.174"></testcase><testcase classname="tests.crm_test.TestCrm" file="tests/crm_test.py" line="1252" name="test_crm_show_thresholds_snat" time="0.174"></testcase><testcase classname="tests.crm_test.TestCrm" file="tests/crm_test.py" line="1268" name="test_crm_show_thresholds_dnat" time="0.173"></testcase><testcase classname="tests.crm_test.TestCrm" file="tests/crm_test.py" line="1284" name="test_crm_show_thresholds_mpls_nexthop" time="0.172"></testcase><testcase classname="tests.crm_test.TestCrm" file="tests/crm_test.py" line="1300" name="test_crm_show_thresholds_mpls_inseg" time="0.172"></testcase><testcase classname="tests.crm_test.TestCrm" file="tests/crm_test.py" line="1316" name="test_crm_show_thresholds_ipmc" time="0.172"></testcase><testcase classname="tests.crm_test.TestCrm" file="tests/crm_test.py" line="1332" name="test_crm_show_resources_acl_group" time="0.055"></testcase><testcase classname="tests.crm_test.TestCrm" file="tests/crm_test.py" line="1339" name="test_crm_show_resources_acl_table" time="0.054"></testcase><testcase classname="tests.crm_test.TestCrm" file="tests/crm_test.py" line="1346" name="test_crm_show_resources_all" time="0.159"></testcase><testcase classname="tests.crm_test.TestCrm" file="tests/crm_test.py" line="1353" name="test_crm_show_resources_fdb" time="0.053"></testcase><testcase classname="tests.crm_test.TestCrm" file="tests/crm_test.py" line="1360" name="test_crm_show_resources_ipv4_neighbor" time="0.053"></testcase><testcase classname="tests.crm_test.TestCrm" file="tests/crm_test.py" line="1367" name="test_crm_show_resources_ipv4_nexthop" time="0.055"></testcase><testcase classname="tests.crm_test.TestCrm" file="tests/crm_test.py" line="1374" name="test_crm_show_resources_ipv4_route" time="0.052"></testcase><testcase classname="tests.crm_test.TestCrm" file="tests/crm_test.py" line="1381" name="test_crm_show_resources_ipv6_route" time="0.053"></testcase><testcase classname="tests.crm_test.TestCrm" file="tests/crm_test.py" line="1388" name="test_crm_show_resources_ipv6_neighbor" time="0.053"></testcase><testcase classname="tests.crm_test.TestCrm" file="tests/crm_test.py" line="1395" name="test_crm_show_resources_ipv6_nexthop" time="0.053"></testcase><testcase classname="tests.crm_test.TestCrm" file="tests/crm_test.py" line="1402" name="test_crm_show_resources_nexthop_group_member" time="0.053"></testcase><testcase classname="tests.crm_test.TestCrm" file="tests/crm_test.py" line="1409" name="test
[...]
not_remove_tables_without_yang_unintentionally_if_generated_change_replaces_whole_config" time="0.007"></testcase><testcase classname="tests.generic_config_updater.patch_sorter_test.TestChangeWrapper" file="tests/generic_config_updater/patch_sorter_test.py" line="3169" name="test_adjust_changes" time="0.003"></testcase><testcase classname="tests.generic_config_updater.patch_sorter_test.TestConfigSplitter" file="tests/generic_config_updater/patch_sorter_test.py" line="3309" name="test_merge_configs_with_distinct_field_path" time="0.001"></testcase><testcase classname="tests.generic_config_updater.patch_sorter_test.TestConfigSplitter" file="tests/generic_config_updater/patch_sorter_test.py" line="3236" name="test_split_yang_non_yang_distinct_field_path" time="1.360"></testcase><testcase classname="tests.generic_config_updater.patch_sorter_test.TestNonStrictPatchSorter" file="tests/generic_config_updater/patch_sorter_test.py" line="3333" name="test_sort__invalid_yang_covered_config__failure" time="0.004"></testcase><testcase classname="tests.generic_config_updater.patch_sorter_test.TestNonStrictPatchSorter" file="tests/generic_config_updater/patch_sorter_test.py" line="3340" name="test_sort__invalid_yang_covered_config_patch_updating_tables_without_yang__failure" time="0.004"></testcase><testcase classname="tests.generic_config_updater.patch_sorter_test.TestNonStrictPatchSorter" file="tests/generic_config_updater/patch_sorter_test.py" line="3362" name="test_sort__no_errors_algorithm_not_specified__calls_inner_patch_sorter" time="0.005"></testcase><testcase classname="tests.generic_config_updater.patch_sorter_test.TestNonStrictPatchSorter" file="tests/generic_config_updater/patch_sorter_test.py" line="3347" name="test_sort__no_errors_algorithm_specified__calls_inner_patch_sorter" time="0.005"></testcase><testcase classname="tests.generic_config_updater.patch_sorter_test.TestStrictPatchSorter" file="tests/generic_config_updater/patch_sorter_test.py" line="3469" name="test_sort__no_errors_algorithm_not_specified__calls_inner_patch_sorter" time="0.003"></testcase><testcase classname="tests.generic_config_updater.patch_sorter_test.TestStrictPatchSorter" file="tests/generic_config_updater/patch_sorter_test.py" line="3456" name="test_sort__no_errors_algorithm_specified__calls_inner_patch_sorter" time="0.003"></testcase><testcase classname="tests.generic_config_updater.patch_sorter_test.TestStrictPatchSorter" file="tests/generic_config_updater/patch_sorter_test.py" line="3440" name="test_sort__patch_updating_tables_without_yang__failure" time="0.003"></testcase><testcase classname="tests.generic_config_updater.patch_sorter_test.TestStrictPatchSorter" file="tests/generic_config_updater/patch_sorter_test.py" line="3448" name="test_sort__target_config_not_valid_according_to_yang__failure" time="0.002"></testcase><testcase classname="tests.generic_config_updater.service_validator_test.TestServiceValidator" file="tests/generic_config_updater/service_validator_test.py" line="156" name="test_change_apply_os_system" time="10.012"></testcase><testcase classname="tests.generic_config_updater.service_validator_test.TestServiceValidator" file="tests/generic_config_updater/service_validator_test.py" line="179" name="test_change_apply_time_sleep" time="0.002"></testcase><testcase classname="tests.sonic_package_manager.test_cli" file="tests/sonic_package_manager/test_cli.py" line="7" name="test_show_changelog" time="0.008"></testcase><testcase classname="tests.sonic_package_manager.test_cli" file="tests/sonic_package_manager/test_cli.py" line="54" name="test_show_changelog_no_changelog" time="0.006"></testcase><testcase classname="tests.sonic_package_manager.test_constraint" file="tests/sonic_package_manager/test_constraint.py" line="9" name="test_invalid_version[1.2.3-0123]" time="0.001"></testcase><testcase classname="tests.sonic_package_manager.test_constraint" file="tests/sonic_package_manager/test_constraint.py" line="9" name="test_invalid_version[1.2]" time="0.001"></testcase><testcase classname="tests.sonic_package_manager.test_constraint" file="tests/sonic_package_manager/test_constraint.py" line="9" name="test_invalid_version[1.0.0+artiary+version]" time="0.001"></testcase><testcase classname="tests.sonic_package_manager.test_constraint" file="tests/sonic_package_manager/test_constraint.py" line="15" name="test_version_comparison[0.1.1-0.1.1-alpha]" time="0.001"></testcase><testcase classname="tests.sonic_package_manager.test_constraint" file="tests/sonic_package_manager/test_constraint.py" line="21" name="test_constraint" time="0.001"></testcase><testcase classname="tests.sonic_package_manager.test_constraint" file="tests/sonic_package_manager/test_constraint.py" line="28" name="test_constraint_range" time="0.002"></testcase><testcase classname="tests.sonic_package_manager.test_constraint" file="tests/sonic_package_manager/test_constraint.py" line="36" name="test_constraint_strict" time="0.001"></testcase><testcase classname="tests.sonic_package_manager.test_constraint" file="tests/sonic_package_manager/test_constraint.py" line="43" name="test_constraint_match" time="0.001"></testcase><testcase classname="tests.sonic_package_manager.test_constraint" file="tests/sonic_package_manager/test_constraint.py" line="50" name="test_constraint_multiple" time="0.001"></testcase><testcase classname="tests.sonic_package_manager.test_constraint" file="tests/sonic_package_manager/test_constraint.py" line="60" name="test_constraint_only_name" time="0.001"></testcase><testcase classname="tests.sonic_package_manager.test_constraint" file="tests/sonic_package_manager/test_constraint.py" line="66" name="test_constraint_from_dict" time="0.001"></testcase><testcase classname="tests.sonic_package_manager.test_constraint" file="tests/sonic_package_manager/test_constraint.py" line="82" name="test_version_to_tag" time="0.001"></testcase><testcase classname="tests.sonic_package_manager.test_constraint" file="tests/sonic_package_manager/test_constraint.py" line="87" name="test_tag_to_version" time="0.001"></testcase><testcase classname="tests.sonic_package_manager.test_database" file="tests/sonic_package_manager/test_database.py" line="13" name="test_database_get_package" time="0.003"></testcase><testcase classname="tests.sonic_package_manager.test_database" file="tests/sonic_package_manager/test_database.py" line="22" name="test_database_get_package_not_builtin" time="0.003"></testcase><testcase classname="tests.sonic_package_manager.test_database" file="tests/sonic_package_manager/test_database.py" line="31" name="test_database_get_package_not_existing" time="0.003"></testcase><testcase classname="tests.sonic_package_manager.test_database" file="tests/sonic_package_manager/test_database.py" line="36" name="test_database_add_package" time="0.003"></testcase><testcase classname="tests.sonic_package_manager.test_database" file="tests/sonic_package_manager/test_database.py" line="46" name="test_database_add_package_existing" time="0.003"></testcase><testcase classname="tests.sonic_package_manager.test_database" file="tests/sonic_package_manager/test_database.py" line="51" name="test_database_update_package" time="0.003"></testcase><testcase classname="tests.sonic_package_manager.test_database" file="tests/sonic_package_manager/test_database.py" line="61" name="test_database_update_package_non_existing" time="0.003"></testcase><testcase classname="tests.sonic_package_manager.test_database" file="tests/sonic_package_manager/test_database.py" line="67" name="test_database_remove_package" time="0.002"></testcase><testcase classname="tests.sonic_package_manager.test_database" file="tests/sonic_package_manager/test_database.py" line="72" name="test_database_remove_package_non_existing" time="0.002"></testcase><testcase classname="tests.sonic_package_manager.test_database" file="tests/sonic_package_manager/test_database.py" line="77" name="test_database_remove_package_installed" time="0.003"></testcase><testcase classname="tests.sonic_package_manager.test_database" file="tests/sonic_package_manager/test_database.py" line="84" name="test_database_remove_package_built_in" time="0.003"></testcase><testcase classname="tests.sonic_package_manager.test_manager" file="tests/sonic_package_manager/test_manager.py" line="11" name="test_installation_not_installed" time="0.012"></testcase><testcase classname="tests.sonic_package_manager.test_manager" file="tests/sonic_package_manager/test_manager.py" line="18" name="test_installation_already_installed" time="0.012"></testcase><testcase classname="tests.sonic_package_manager.test_manager" file="tests/sonic_package_manager/test_manager.py" line="25" name="test_installation_dependencies" time="0.010"></testcase><testcase classname="tests.sonic_package_manager.test_manager" file="tests/sonic_package_manager/test_manager.py" line="34" name="test_installation_dependencies_missing_package" time="0.009"></testcase><testcase classname="tests.sonic_package_manager.test_manager" file="tests/sonic_package_manager/test_manager.py" line="43" name="test_installation_dependencies_satisfied" time="0.011"></testcase><testcase classname="tests.sonic_package_manager.test_manager" file="tests/sonic_package_manager/test_manager.py" line="49" name="test_installation_components_dependencies_satisfied" time="0.011"></testcase><testcase classname="tests.sonic_package_manager.test_manager" file="tests/sonic_package_manager/test_manager.py" line="67" name="test_installation_components_dependencies_not_satisfied" time="0.011"></testcase><testcase classname="tests.sonic_package_manager.test_manager" file="tests/sonic_package_manager/test_manager.py" line="88" name="test_installation_components_dependencies_implicit" time="0.009"></testcase><testcase classname="tests.sonic_package_manager.test_manager" file="tests/sonic_package_manager/test_manager.py" line="106" name="test_installation_components_dependencies_explicitely_allowed" time="0.011"></testcase><testcase classname="tests.sonic_package_manager.test_manager" file="tests/sonic_package_manager/test_manager.py" line="124" name="test_installation_breaks" time="0.009"></testcase><testcase classname="tests.sonic_package_manager.test_manager" file="tests/sonic_package_manager/test_manager.py" line="133" name="test_installation_breaks_missing_package" time="0.013"></testcase><testcase classname="tests.sonic_package_manager.test_manager" file="tests/sonic_package_manager/test_manager.py" line="139" name="test_installation_breaks_not_installed_package" time="0.011"></testcase><testcase classname="tests.sonic_package_manager.test_manager" file="tests/sonic_package_manager/test_manager.py" line="145" name="test_installation_base_os_constraint" time="0.009"></testcase><testcase classname="tests.sonic_package_manager.test_manager" file="tests/sonic_package_manager/test_manager.py" line="154" name="test_installation_base_os_constraint_satisfied" time="0.011"></testcase><testcase classname="tests.sonic_package_manager.test_manager" file="tests/sonic_package_manager/test_manager.py" line="160" name="test_installation_cli_plugin" time="0.013"></testcase><testcase classname="tests.sonic_package_manager.test_manager" file="tests/sonic_package_manager/test_manager.py" line="168" name="test_installation_cli_plugin_skipped" time="0.012"></testcase><testcase classname="tests.sonic_package_manager.test_manager" file="tests/sonic_package_manager/test_manager.py" line="176" name="test_installation_cli_plugin_is_mandatory_but_skipped" time="0.009"></testcase><testcase classname="tests.sonic_package_manager.test_manager" file="tests/sonic_package_manager/test_manager.py" line="185" name="test_installation" time="0.011"></testcase><testcase classname="tests.sonic_package_manager.test_manager" file="tests/sonic_package_manager/test_manager.py" line="190" name="test_installation_using_reference" time="0.013"></testcase><testcase classname="tests.sonic_package_manager.test_manager" file="tests/sonic_package_manager/test_manager.py" line="202" name="test_manager_installation_tag" time="0.011"></testcase><testcase classname="tests.sonic_package_manager.test_manager" file="tests/sonic_package_manager/test_manager.py" line="209" name="test_installation_from_file" time="0.028"></testcase><testcase classname="tests.sonic_package_manager.test_manager" file="tests/sonic_package_manager/test_manager.py" line="215" name="test_installation_from_registry" time="0.011"></testcase><testcase classname="tests.sonic_package_manager.test_manager" file="tests/sonic_package_manager/test_manager.py" line="220" name="test_installation_from_registry_using_digest" time="0.011"></testcase><testcase classname="tests.sonic_package_manager.test_manager" file="tests/sonic_package_manager/test_manager.py" line="230" name="test_installation_from_file_known_package" time="0.024"></testcase><testcase classname="tests.sonic_package_manager.test_manager" file="tests/sonic_package_manager/test_manager.py" line="238" name="test_installation_from_file_unknown_package" time="0.025"></testcase><testcase classname="tests.sonic_package_manager.test_manager" file="tests/sonic_package_manager/test_manager.py" line="245" name="test_upgrade_from_file_known_package" time="0.030"></testcase><testcase classname="tests.sonic_package_manager.test_manager" file="tests/sonic_package_manager/test_manager.py" line="256" name="test_installation_non_default_owner" time="0.012"></testcase><testcase classname="tests.sonic_package_manager.test_manager" file="tests/sonic_package_manager/test_manager.py" line="264" name="test_installation_enabled" time="0.013"></testcase><testcase classname="tests.sonic_package_manager.test_manager" file="tests/sonic_package_manager/test_manager.py" line="272" name="test_installation_fault" time="0.009"></testcase><testcase classname="tests.sonic_package_manager.test_manager" file="tests/sonic_package_manager/test_manager.py" line="283" name="test_manager_installation_version_range" time="0.007"></testcase><testcase classname="tests.sonic_package_manager.test_manager" file="tests/sonic_package_manager/test_manager.py" line="291" name="test_manager_upgrade" time="0.032"></testcase><testcase classname="tests.sonic_package_manager.test_manager" file="tests/sonic_package_manager/test_manager.py" line="301" name="test_manager_package_reset" time="0.036"></testcase><testcase classname="tests.sonic_package_manager.test_manager" file="tests/sonic_package_manager/test_manager.py" line="310" name="test_manager_migration" time="0.011"></testcase><testcase classname="tests.sonic_package_manager.test_manifest" file="tests/sonic_package_manager/test_manifest.py" line="8" name="test_manifest_v1_defaults" time="0.001"></testcase><testcase classname="tests.sonic_package_manager.test_manifest" file="tests/sonic_package_manager/test_manifest.py" line="19" name="test_manifest_v1_invalid_version" time="0.001"></testcase><testcase classname="tests.sonic_package_manager.test_manifest" file="tests/sonic_package_manager/test_manifest.py" line="25" name="test_manifest_v1_invalid_package_constraint" time="0.001"></testcase><testcase classname="tests.sonic_package_manager.test_manifest" file="tests/sonic_package_manager/test_manifest.py" line="32" name="test_manifest_v1_service_spec" time="0.001"></testcase><testcase classname="tests.sonic_package_manager.test_manifest" file="tests/sonic_package_manager/test_manifest.py" line="39" name="test_manifest_v1_mounts" time="0.001"></testcase><testcase classname="tests.sonic_package_manager.test_manifest" file="tests/sonic_package_manager/test_manifest.py" line="50" name="test_manifest_v1_mounts_invalid" time="0.001"></testcase><testcase classname="tests.sonic_package_manager.test_manifest" file="tests/sonic_package_manager/test_manifest.py" line="58" name="test_manifest_invalid_root_type" time="0.001"></testcase><testcase classname="tests.sonic_package_manager.test_manifest" file="tests/sonic_package_manager/test_manifest.py" line="65" name="test_manifest_invalid_array_type" time="0.003"></testcase><testcase classname="tests.sonic_package_manager.test_manifest" file="tests/sonic_package_manager/test_manifest.py" line="72" name="test_manifest_v1_unmarshal" time="0.001"></testcase><testcase classname="tests.sonic_package_manager.test_metadata" file="tests/sonic_package_manager/test_metadata.py" line="11" name="test_metadata_resolver_local" time="0.005"></testcase><testcase classname="tests.sonic_package_manager.test_metadata" file="tests/sonic_package_manager/test_metadata.py" line="20" name="test_metadata_resolver_remote" time="0.007"></testcase><testcase classname="tests.sonic_package_manager.test_reference" file="tests/sonic_package_manager/test_reference.py" line="7" name="test_reference" time="0.001"></testcase><testcase classname="tests.sonic_package_manager.test_reference" file="tests/sonic_package_manager/test_reference.py" line="15" name="test_reference_invalid" time="0.001"></testcase><testcase classname="tests.sonic_package_manager.test_registry" file="tests/sonic_package_manager/test_registry.py" line="7" name="test_get_registry_for" time="0.001"></testcase><testcase classname="tests.sonic_package_manager.test_registry" file="tests/sonic_package_manager/test_registry.py" line="19" name="test_registry_auth" time="0.016"></testcase><testcase classname="tests.sonic_package_manager.test_service_creator" file="tests/sonic_package_manager/test_service_creator.py" line="75" name="test_service_creator" time="0.062"></testcase><testcase classname="tests.sonic_package_manager.test_service_creator" file="tests/sonic_package_manager/test_service_creator.py" line="96" name="test_service_creator_with_timer_unit" time="0.218"></testcase><testcase classname="tests.sonic_package_manager.test_service_creator" file="tests/sonic_package_manager/test_service_creator.py" line="110" name="test_service_creator_with_debug_dump" time="0.087"></testcase><testcase classname="tests.sonic_package_manager.test_service_creator" file="tests/sonic_package_manager/test_service_creator.py" line="124" name="test_service_creator_yang" time="0.086"></testcase><testcase classname="tests.sonic_package_manager.test_service_creator" file="tests/sonic_package_manager/test_service_creator.py" line="172" name="test_service_creator_autocli" time="0.055"></testcase><testcase classname="tests.sonic_package_manager.test_service_creator" file="tests/sonic_package_manager/test_service_creator.py" line="203" name="test_feature_registration" time="0.003"></testcase><testcase classname="tests.sonic_package_manager.test_service_creator" file="tests/sonic_package_manager/test_service_creator.py" line="222" name="test_feature_update" time="0.009"></testcase><testcase classname="tests.sonic_package_manager.test_service_creator" file="tests/sonic_package_manager/test_service_creator.py" line="259" name="test_feature_registration_with_timer" time="0.003"></testcase><testcase classname="tests.sonic_package_manager.test_service_creator" file="tests/sonic_package_manager/test_service_creator.py" line="279" name="test_feature_registration_with_non_default_owner" time="0.003"></testcase><testcase classname="tests.sonic_package_manager.test_service_creator" file="tests/sonic_package_manager/test_service_creator.py" line="320" name="test_auto_ts_global_disabled" time="0.003"></testcase><testcase classname="tests.sonic_package_manager.test_service_creator" file="tests/sonic_package_manager/test_service_creator.py" line="336" name="test_auto_ts_global_enabled" time="0.003"></testcase><testcase classname="tests.sonic_package_manager.test_service_creator" file="tests/sonic_package_manager/test_service_creator.py" line="352" name="test_auto_ts_deregister" time="0.002"></testcase><testcase classname="tests.sonic_package_manager.test_service_creator" file="tests/sonic_package_manager/test_service_creator.py" line="360" name="test_auto_ts_feature_update_flow" time="0.004"></testcase></testsuite></testsuites>